#
# There is insufficient memory for the Java Runtime Environment to continue.
# Native memory allocation (malloc) failed to allocate 1048576 bytes for AllocateHeap
# Possible reasons:
#   The system is out of physical RAM or swap space
#   In 32 bit mode, the process size limit was hit
# Possible solutions:
#   Reduce memory load on the system
#   Increase physical memory or swap space
#   Check if swap backing store is full
#   Use 64 bit Java on a 64 bit OS
#   Decrease Java heap size (-Xmx/-Xms)
#   Decrease number of Java threads
#   Decrease Java thread stack sizes (-Xss)
#   Set larger code cache with -XX:ReservedCodeCacheSize=
# This output file may be truncated or incomplete.
#
#  Out of Memory Error (memory/allocation.inline.hpp:61), pid=5188, tid=4240
#
# JRE version:  (7.0_71-b14) (build )
# Java VM: Java HotSpot(TM) 64-Bit Server VM (24.71-b01 mixed mode windows-amd64 compressed oops)
# Failed to write core dump. Minidumps are not enabled by default on client versions of Windows
#

---------------  T H R E A D  ---------------

Current thread (0x000000000202f000):  JavaThread "Unknown thread" [_thread_in_vm, id=4240, stack(0x0000000002df0000,0x0000000002ef0000)]

Stack: [0x0000000002df0000,0x0000000002ef0000]
[error occurred during error reporting (printing stack bounds), id 0xc0000005]


---------------  P R O C E S S  ---------------

Java Threads: ( => current thread )

Other Threads:

=>0x000000000202f000 (exited) JavaThread "Unknown thread" [_thread_in_vm, id=4240, stack(0x0000000002df0000,0x0000000002ef0000)]

VM state:not at safepoint (normal execution)

VM Mutex/Monitor currently owned by a thread: None

Heap
 PSYoungGen      total 3584K, used 61K [0x00000000eb000000, 0x00000000eb400000, 0x0000000100000000)
  eden space 3072K, 2% used [0x00000000eb000000,0x00000000eb00f618,0x00000000eb300000)
  from space 512K, 0% used [0x00000000eb380000,0x00000000eb380000,0x00000000eb400000)
  to   space 512K, 0% used [0x00000000eb300000,0x00000000eb300000,0x00000000eb380000)
 ParOldGen       total 5632K, used 0K [0x00000000c1000000, 0x00000000c1580000, 0x00000000eb000000)
  object space 5632K, 0% used [0x00000000c1000000,0x00000000c1000000,0x00000000c1580000)
 PSPermGen       total 21504K, used 694K [0x00000000bbe00000, 0x00000000bd300000, 0x00000000c1000000)
  object space 21504K, 3% used [0x00000000bbe00000,0x00000000bbead9f8,0x00000000bd300000)

Card table byte_map: [0x0000000005ef0000,0x0000000006120000] byte_map_base: 0x0000000005911000

Polling page: 0x0000000002610000

Code Cache  [0x0000000002ef0000, 0x0000000003160000, 0x0000000005ef0000)
 total_blobs=37 nmethods=0 adapters=20 free_code_cache=48890Kb largest_free_block=50063104

Compilation events (0 events):
No events

GC Heap History (0 events):
No events

Deoptimization events (0 events):
No events

Internal exceptions (0 events):
No events

Events (10 events):
Event: 0.031 loading class 0x0000000001f61820
Event: 0.031 loading class 0x0000000001f61820 done
Event: 0.031 loading class 0x0000000001f61870
Event: 0.031 loading class 0x0000000001f61870 done
Event: 0.031 loading class 0x0000000001f618c0
Event: 0.031 loading class 0x0000000001f618c0 done
Event: 0.032 loading class 0x0000000001f62620
Event: 0.032 loading class 0x0000000001f62620 done
Event: 0.032 loading class 0x0000000001f62240
Event: 0.032 loading class 0x0000000001f62240 done


Dynamic libraries:
0x000000013f2a0000 - 0x000000013f2a7000 	C:\Program Files\Java\jdk1.7.0_71\bin\javac.exe
0x0000000077350000 - 0x00000000774f8000 	C:\Windows\SYSTEM32\ntdll.dll
0x0000000076d50000 - 0x0000000076e6f000 	C:\Windows\system32\kernel32.dll
0x000007fefdb10000 - 0x000007fefdb7c000 	C:\Windows\system32\KERNELBASE.dll
0x0000000074b40000 - 0x0000000074bc8000 	C:\Windows\System32\SYSFER.DLL
0x000000005bfa0000 - 0x000000005bfcb000 	C:\Program Files\Java\jdk1.7.0_71\bin\jli.dll
0x000007fefe690000 - 0x000007fefe76b000 	C:\Windows\system32\ADVAPI32.dll
0x000007fefe190000 - 0x000007fefe22f000 	C:\Windows\system32\msvcrt.dll
0x000007fefe820000 - 0x000007fefe83f000 	C:\Windows\SYSTEM32\sechost.dll
0x000007fefdd30000 - 0x000007fefde5d000 	C:\Windows\system32\RPCRT4.dll
0x000007fefbee0000 - 0x000007fefc0d4000 	C:\Windows\WinSxS\amd64_microsoft.windows.common-controls_6595b64144ccf1df_6.0.7601.18807_none_fa381d5f175bfb52\COMCTL32.dll
0x000007fefe440000 - 0x000007fefe4a7000 	C:\Windows\system32\GDI32.dll
0x0000000076c50000 - 0x0000000076d4a000 	C:\Windows\system32\USER32.dll
0x000007fefe810000 - 0x000007fefe81e000 	C:\Windows\system32\LPK.dll
0x000007fefe370000 - 0x000007fefe439000 	C:\Windows\system32\USP10.dll
0x000007fefe840000 - 0x000007fefe8b1000 	C:\Windows\system32\SHLWAPI.dll
0x0000000058860000 - 0x0000000058932000 	C:\Program Files\Java\jdk1.7.0_71\bin\MSVCR100.dll
0x000007fefdcb0000 - 0x000007fefdcde000 	C:\Windows\system32\IMM32.DLL
0x000007fefdba0000 - 0x000007fefdca9000 	C:\Windows\system32\MSCTF.dll
0x0000000180000000 - 0x0000000180072000 	C:\Windows\system32\guard64.dll
0x000007fefd650000 - 0x000007fefd659000 	C:\Windows\system32\fltlib.dll
0x000000005be70000 - 0x000000005bf42000 	C:\Program Files\Java\jdk1.7.0_71\jre\bin\msvcr100.dll
0x0000000057820000 - 0x0000000057ff3000 	C:\Program Files\Java\jdk1.7.0_71\jre\bin\server\jvm.dll
0x000007fef9e90000 - 0x000007fef9e99000 	C:\Windows\system32\WSOCK32.dll
0x00000000025c0000 - 0x000000000260d000 	C:\Windows\system32\WS2_32.dll
0x000007fefe8c0000 - 0x000007fefe8c8000 	C:\Windows\system32\NSI.dll
0x000007fef68e0000 - 0x000007fef691b000 	C:\Windows\system32\WINMM.dll
0x0000000077510000 - 0x0000000077517000 	C:\Windows\system32\PSAPI.DLL
0x0000000071070000 - 0x000000007107f000 	C:\Program Files\Java\jdk1.7.0_71\jre\bin\verify.dll
0x000000005cb70000 - 0x000000005cb98000 	C:\Program Files\Java\jdk1.7.0_71\jre\bin\java.dll
0x000000006e9b0000 - 0x000000006e9c5000 	C:\Program Files\Java\jdk1.7.0_71\jre\bin\zip.dll

VM Arguments:
jvm_args: -Dapplication.home=C:\Program Files\Java\jdk1.7.0_71 -Xms8m 
java_command: com.sun.tools.javac.Main @c:/Temp/sbt_8cc196bc/argfile
Launcher Type: SUN_STANDARD

Environment Variables:
JAVA_HOME=C:\Program Files\Java\jdk1.7.0_71
PATH=C:\Program Files\Java\jdk1.7.0_71\bin;C:\Program Files\Java\jdk1.7.0_71;C:\Program Files (x86)\IBM\Lotus\Notes;C:\Lotus\admin\distr\OS\tmp\Downloads\IdeaProjects\apache-maven-3.3.1\bin;C:\Lotus\admin\distr\OS\tmp\Downloads\IdeaProjects\apache-maven-3.3.1\bin;C:\Lotus\admin\distr\OS\tmp\Downloads\IdeaProjects\apache-maven-3.3.1\bin;C:\Program Files\Java\jdk1.7.0_71\bin;C:\Ruby193\bin;C:\Windows\system32;C:\Windows;C:\Windows\System32\Wbem;C:\Windows\System32\WindowsPowerShell\v1.0\;C:\Program Files\WIDCOMM\Bluetooth Software\;C:\Program Files\WIDCOMM\Bluetooth Software\syswow64;C:\Windows\Sysnative;C:\Lotus\admin\Git\cmd;C:\Lotus\admin\distr\OS\tmp\Downloads\activator-1.2.12;C:\Lotus\admin\distr\OS\tmp\Downloads\Heroku\bin;C:\Program Files (x86)\git\cmd;C:\Lotus\admin\distr\OS\tmp\Downloads\play-2.0.4
USERNAME=vveprinskiy
OS=Windows_NT
PROCESSOR_IDENTIFIER=Intel64 Family 6 Model 23 Stepping 10, GenuineIntel



---------------  S Y S T E M  ---------------

OS: Windows 7 , 64 bit Build 7601 Service Pack 1

CPU:total 2 (2 cores per cpu, 1 threads per core) family 6 model 23 stepping 10, cmov, cx8, fxsr, mmx, sse, sse2, sse3, ssse3, tsc

Memory: 4k page, physical 4125944k(360804k free), swap 5446796k(19688k free)

vm_info: Java HotSpot(TM) 64-Bit Server VM (24.71-b01) for windows-amd64 JRE (1.7.0_71-b14), built on Sep 26 2014 16:16:12 by "java_re" with unknown MS VC++:1600

time: Thu May 28 10:39:17 2015
elapsed time: 0 seconds

