#
# There is insufficient memory for the Java Runtime Environment to continue.
# Native memory allocation (mmap) failed to map 715849728 bytes for committing reserved memory.
# Possible reasons:
#   The system is out of physical RAM or swap space
#   In 32 bit mode, the process size limit was hit
# Possible solutions:
#   Reduce memory load on the system
#   Increase physical memory or swap space
#   Check if swap backing store is full
#   Use 64 bit Java on a 64 bit OS
#   Decrease Java heap size (-Xmx/-Xms)
#   Decrease number of Java threads
#   Decrease Java thread stack sizes (-Xss)
#   Set larger code cache with -XX:ReservedCodeCacheSize=
# This output file may be truncated or incomplete.
#
#  Out of Memory Error (os_linux.cpp:2627), pid=2440, tid=140288990095104
#
# JRE version:  (8.0_60-b27) (build )
# Java VM: Java HotSpot(TM) 64-Bit Server VM (25.60-b23 mixed mode linux-amd64 compressed oops)
# Failed to write core dump. Core dumps have been disabled. To enable core dumping, try "ulimit -c unlimited" before starting Java again
#

---------------  T H R E A D  ---------------

Current thread (0x00007f978c009800):  JavaThread "Unknown thread" [_thread_in_vm, id=2481, stack(0x00007f97935ba000,0x00007f97936bb000)]

Stack: [0x00007f97935ba000,0x00007f97936bb000],  sp=0x00007f97936b9300,  free space=1020k
Native frames: (J=compiled Java code, j=interpreted, Vv=VM code, C=native code)
V  [libjvm.so+0xab97ea]  VMError::report_and_die()+0x2ba
V  [libjvm.so+0x4f9dab]  report_vm_out_of_memory(char const*, int, unsigned long, VMErrorType, char const*)+0x8b
V  [libjvm.so+0x91a7c3]  os::Linux::commit_memory_impl(char*, unsigned long, bool)+0x103
V  [libjvm.so+0x91ad19]  os::pd_commit_memory(char*, unsigned long, unsigned long, bool)+0x29
V  [libjvm.so+0x91502a]  os::commit_memory(char*, unsigned long, unsigned long, bool)+0x2a
V  [libjvm.so+0xab5549]  VirtualSpace::expand_by(unsigned long, bool)+0x199
V  [libjvm.so+0xab609e]  VirtualSpace::initialize(ReservedSpace, unsigned long)+0xee
V  [libjvm.so+0x5f6891]  CardGeneration::CardGeneration(ReservedSpace, unsigned long, int, GenRemSet*)+0xf1
V  [libjvm.so+0xa5d17f]  TenuredGeneration::TenuredGeneration(ReservedSpace, unsigned long, int, GenRemSet*)+0x5f
V  [libjvm.so+0x5f7b99]  GenerationSpec::init(ReservedSpace, int, GenRemSet*)+0x339
V  [libjvm.so+0x5e663e]  GenCollectedHeap::initialize()+0x1de
V  [libjvm.so+0xa8218b]  Universe::initialize_heap()+0xfb
V  [libjvm.so+0xa824fe]  universe_init()+0x3e
V  [libjvm.so+0x6388a5]  init_globals()+0x65
V  [libjvm.so+0xa666fe]  Threads::create_vm(JavaVMInitArgs*, bool*)+0x23e
V  [libjvm.so+0x6ccd34]  JNI_CreateJavaVM+0x74
C  [libjli.so+0x745e]  JavaMain+0x9e
C  [libpthread.so.0+0x8182]  start_thread+0xc2


---------------  P R O C E S S  ---------------

Java Threads: ( => current thread )

Other Threads:

=>0x00007f978c009800 (exited) JavaThread "Unknown thread" [_thread_in_vm, id=2481, stack(0x00007f97935ba000,0x00007f97936bb000)]

VM state:not at safepoint (not fully initialized)

VM Mutex/Monitor currently owned by a thread: None

GC Heap History (0 events):
No events

Deoptimization events (0 events):
No events

Internal exceptions (0 events):
No events

Events (0 events):
No events


Dynamic libraries:
00400000-00401000 r-xp 00000000 ca:01 154908                             /usr/lib/jvm/java-8-oracle/bin/java
00600000-00601000 rw-p 00000000 ca:01 154908                             /usr/lib/jvm/java-8-oracle/bin/java
01776000-01797000 rw-p 00000000 00:00 0                                  [heap]
c0000000-d5550000 rw-p 00000000 00:00 0 
7f977ce6a000-7f977d000000 rw-p 00000000 00:00 0 
7f977d000000-7f977d270000 rwxp 00000000 00:00 0 
7f977d270000-7f978c000000 ---p 00000000 00:00 0 
7f978c000000-7f978c033000 rw-p 00000000 00:00 0 
7f978c033000-7f9790000000 ---p 00000000 00:00 0 
7f9790080000-7f979021a000 rw-p 00000000 00:00 0 
7f979021a000-7f979036f000 ---p 00000000 00:00 0 
7f979036f000-7f979037a000 rw-p 00000000 00:00 0 
7f979037a000-7f9790730000 ---p 00000000 00:00 0 
7f9790730000-7f979074a000 r-xp 00000000 ca:01 155136                     /usr/lib/jvm/java-8-oracle/jre/lib/amd64/libzip.so
7f979074a000-7f979094a000 ---p 0001a000 ca:01 155136                     /usr/lib/jvm/java-8-oracle/jre/lib/amd64/libzip.so
7f979094a000-7f979094b000 rw-p 0001a000 ca:01 155136                     /usr/lib/jvm/java-8-oracle/jre/lib/amd64/libzip.so
7f979094b000-7f9790956000 r-xp 00000000 ca:01 396208                     /lib/x86_64-linux-gnu/libnss_files-2.19.so
7f9790956000-7f9790b55000 ---p 0000b000 ca:01 396208                     /lib/x86_64-linux-gnu/libnss_files-2.19.so
7f9790b55000-7f9790b56000 r--p 0000a000 ca:01 396208                     /lib/x86_64-linux-gnu/libnss_files-2.19.so
7f9790b56000-7f9790b57000 rw-p 0000b000 ca:01 396208                     /lib/x86_64-linux-gnu/libnss_files-2.19.so
7f9790b57000-7f9790b62000 r-xp 00000000 ca:01 396210                     /lib/x86_64-linux-gnu/libnss_nis-2.19.so
7f9790b62000-7f9790d61000 ---p 0000b000 ca:01 396210                     /lib/x86_64-linux-gnu/libnss_nis-2.19.so
7f9790d61000-7f9790d62000 r--p 0000a000 ca:01 396210                     /lib/x86_64-linux-gnu/libnss_nis-2.19.so
7f9790d62000-7f9790d63000 rw-p 0000b000 ca:01 396210                     /lib/x86_64-linux-gnu/libnss_nis-2.19.so
7f9790d63000-7f9790d7a000 r-xp 00000000 ca:01 396205                     /lib/x86_64-linux-gnu/libnsl-2.19.so
7f9790d7a000-7f9790f79000 ---p 00017000 ca:01 396205                     /lib/x86_64-linux-gnu/libnsl-2.19.so
7f9790f79000-7f9790f7a000 r--p 00016000 ca:01 396205                     /lib/x86_64-linux-gnu/libnsl-2.19.so
7f9790f7a000-7f9790f7b000 rw-p 00017000 ca:01 396205                     /lib/x86_64-linux-gnu/libnsl-2.19.so
7f9790f7b000-7f9790f7d000 rw-p 00000000 00:00 0 
7f9790f7d000-7f9790f86000 r-xp 00000000 ca:01 396206                     /lib/x86_64-linux-gnu/libnss_compat-2.19.so
7f9790f86000-7f9791185000 ---p 00009000 ca:01 396206                     /lib/x86_64-linux-gnu/libnss_compat-2.19.so
7f9791185000-7f9791186000 r--p 00008000 ca:01 396206                     /lib/x86_64-linux-gnu/libnss_compat-2.19.so
7f9791186000-7f9791187000 rw-p 00009000 ca:01 396206                     /lib/x86_64-linux-gnu/libnss_compat-2.19.so
7f9791187000-7f97911b1000 r-xp 00000000 ca:01 155165                     /usr/lib/jvm/java-8-oracle/jre/lib/amd64/libjava.so
7f97911b1000-7f97913b1000 ---p 0002a000 ca:01 155165                     /usr/lib/jvm/java-8-oracle/jre/lib/amd64/libjava.so
7f97913b1000-7f97913b3000 rw-p 0002a000 ca:01 155165                     /usr/lib/jvm/java-8-oracle/jre/lib/amd64/libjava.so
7f97913b3000-7f97913c0000 r-xp 00000000 ca:01 155170                     /usr/lib/jvm/java-8-oracle/jre/lib/amd64/libverify.so
7f97913c0000-7f97915c0000 ---p 0000d000 ca:01 155170                     /usr/lib/jvm/java-8-oracle/jre/lib/amd64/libverify.so
7f97915c0000-7f97915c2000 rw-p 0000d000 ca:01 155170                     /usr/lib/jvm/java-8-oracle/jre/lib/amd64/libverify.so
7f97915c2000-7f97915c9000 r-xp 00000000 ca:01 396230                     /lib/x86_64-linux-gnu/librt-2.19.so
7f97915c9000-7f97917c8000 ---p 00007000 ca:01 396230                     /lib/x86_64-linux-gnu/librt-2.19.so
7f97917c8000-7f97917c9000 r--p 00006000 ca:01 396230                     /lib/x86_64-linux-gnu/librt-2.19.so
7f97917c9000-7f97917ca000 rw-p 00007000 ca:01 396230                     /lib/x86_64-linux-gnu/librt-2.19.so
7f97917ca000-7f97918cf000 r-xp 00000000 ca:01 396197                     /lib/x86_64-linux-gnu/libm-2.19.so
7f97918cf000-7f9791ace000 ---p 00105000 ca:01 396197                     /lib/x86_64-linux-gnu/libm-2.19.so
7f9791ace000-7f9791acf000 r--p 00104000 ca:01 396197                     /lib/x86_64-linux-gnu/libm-2.19.so
7f9791acf000-7f9791ad0000 rw-p 00105000 ca:01 396197                     /lib/x86_64-linux-gnu/libm-2.19.so
7f9791ad0000-7f979278e000 r-xp 00000000 ca:01 155118                     /usr/lib/jvm/java-8-oracle/jre/lib/amd64/server/libjvm.so
7f979278e000-7f979298d000 ---p 00cbe000 ca:01 155118                     /usr/lib/jvm/java-8-oracle/jre/lib/amd64/server/libjvm.so
7f979298d000-7f9792a65000 rw-p 00cbd000 ca:01 155118                     /usr/lib/jvm/java-8-oracle/jre/lib/amd64/server/libjvm.so
7f9792a65000-7f9792aaa000 rw-p 00000000 00:00 0 
7f9792aaa000-7f9792c65000 r-xp 00000000 ca:01 396174                     /lib/x86_64-linux-gnu/libc-2.19.so
7f9792c65000-7f9792e64000 ---p 001bb000 ca:01 396174                     /lib/x86_64-linux-gnu/libc-2.19.so
7f9792e64000-7f9792e68000 r--p 001ba000 ca:01 396174                     /lib/x86_64-linux-gnu/libc-2.19.so
7f9792e68000-7f9792e6a000 rw-p 001be000 ca:01 396174                     /lib/x86_64-linux-gnu/libc-2.19.so
7f9792e6a000-7f9792e6f000 rw-p 00000000 00:00 0 
7f9792e6f000-7f9792e72000 r-xp 00000000 ca:01 396183                     /lib/x86_64-linux-gnu/libdl-2.19.so
7f9792e72000-7f9793071000 ---p 00003000 ca:01 396183                     /lib/x86_64-linux-gnu/libdl-2.19.so
7f9793071000-7f9793072000 r--p 00002000 ca:01 396183                     /lib/x86_64-linux-gnu/libdl-2.19.so
7f9793072000-7f9793073000 rw-p 00003000 ca:01 396183                     /lib/x86_64-linux-gnu/libdl-2.19.so
7f9793073000-7f9793088000 r-xp 00000000 ca:01 155358                     /usr/lib/jvm/java-8-oracle/lib/amd64/jli/libjli.so
7f9793088000-7f9793288000 ---p 00015000 ca:01 155358                     /usr/lib/jvm/java-8-oracle/lib/amd64/jli/libjli.so
7f9793288000-7f9793289000 rw-p 00015000 ca:01 155358                     /usr/lib/jvm/java-8-oracle/lib/amd64/jli/libjli.so
7f9793289000-7f97932a2000 r-xp 00000000 ca:01 396227                     /lib/x86_64-linux-gnu/libpthread-2.19.so
7f97932a2000-7f97934a1000 ---p 00019000 ca:01 396227                     /lib/x86_64-linux-gnu/libpthread-2.19.so
7f97934a1000-7f97934a2000 r--p 00018000 ca:01 396227                     /lib/x86_64-linux-gnu/libpthread-2.19.so
7f97934a2000-7f97934a3000 rw-p 00019000 ca:01 396227                     /lib/x86_64-linux-gnu/libpthread-2.19.so
7f97934a3000-7f97934a7000 rw-p 00000000 00:00 0 
7f97934a7000-7f97934ca000 r-xp 00000000 ca:01 396164                     /lib/x86_64-linux-gnu/ld-2.19.so
7f97935b2000-7f97935ba000 rw-s 00000000 ca:01 30462                      /tmp/hsperfdata_root/2440
7f97935ba000-7f97935bd000 ---p 00000000 00:00 0 
7f97935bd000-7f97936bf000 rw-p 00000000 00:00 0                          [stack:2481]
7f97936c2000-7f97936c6000 rw-p 00000000 00:00 0 
7f97936c6000-7f97936c7000 r--p 00000000 00:00 0 
7f97936c7000-7f97936c9000 rw-p 00000000 00:00 0 
7f97936c9000-7f97936ca000 r--p 00022000 ca:01 396164                     /lib/x86_64-linux-gnu/ld-2.19.so
7f97936ca000-7f97936cb000 rw-p 00023000 ca:01 396164                     /lib/x86_64-linux-gnu/ld-2.19.so
7f97936cb000-7f97936cc000 rw-p 00000000 00:00 0 
7fff6f3b6000-7fff6f3d7000 rw-p 00000000 00:00 0                          [stack]
7fff6f3ea000-7fff6f3ec000 r-xp 00000000 00:00 0                          [vdso]
ffffffffff600000-ffffffffff601000 r-xp 00000000 00:00 0                  [vsyscall]

VM Arguments:
jvm_args: -Dactivator.home=/home/play/zvenigorod -Xms1024m -Xmx1024m -XX:MetaspaceSize=64m -XX:MaxMetaspaceSize=256m 
java_command: /home/play/zvenigorod/activator-launch-1.3.6.jar clean compile dist
java_class_path (initial): /home/play/zvenigorod/activator-launch-1.3.6.jar
Launcher Type: SUN_STANDARD

Environment Variables:
JAVA_HOME=/usr/lib/jvm/java-8-oracle
PATH=/usr/local/sbin:/usr/local/bin:/usr/sbin:/usr/bin:/sbin:/bin:/usr/lib/jvm/java-8-oracle/bin:/usr/lib/jvm/java-8-oracle/db/bin:/usr/lib/jvm/java-8-oracle/jre/bin
USERNAME=root
SHELL=/bin/bash

Signal Handlers:
SIGSEGV: [libjvm.so+0xaba070], sa_mask[0]=11111111011111111101111111111110, sa_flags=SA_RESTART|SA_SIGINFO
SIGBUS: [libjvm.so+0xaba070], sa_mask[0]=11111111011111111101111111111110, sa_flags=SA_RESTART|SA_SIGINFO
SIGFPE: [libjvm.so+0x917630], sa_mask[0]=11111111011111111101111111111110, sa_flags=SA_RESTART|SA_SIGINFO
SIGPIPE: [libjvm.so+0x917630], sa_mask[0]=11111111011111111101111111111110, sa_flags=SA_RESTART|SA_SIGINFO
SIGXFSZ: [libjvm.so+0x917630], sa_mask[0]=11111111011111111101111111111110, sa_flags=SA_RESTART|SA_SIGINFO
SIGILL: [libjvm.so+0x917630], sa_mask[0]=11111111011111111101111111111110, sa_flags=SA_RESTART|SA_SIGINFO
SIGUSR1: SIG_DFL, sa_mask[0]=00000000000000000000000000000000, sa_flags=none
SIGUSR2: [libjvm.so+0x918c60], sa_mask[0]=00000000000000000000000000000000, sa_flags=SA_RESTART|SA_SIGINFO
SIGHUP: SIG_DFL, sa_mask[0]=00000000000000000000000000000000, sa_flags=none
SIGINT: SIG_DFL, sa_mask[0]=00000000000000000000000000000000, sa_flags=none
SIGTERM: SIG_DFL, sa_mask[0]=00000000000000000000000000000000, sa_flags=none
SIGQUIT: SIG_DFL, sa_mask[0]=00000000000000000000000000000000, sa_flags=none


---------------  S Y S T E M  ---------------

OS:DISTRIB_ID=Ubuntu
DISTRIB_RELEASE=14.04
DISTRIB_CODENAME=trusty
DISTRIB_DESCRIPTION="Ubuntu 14.04.3 LTS"

uname:Linux 3.13.0-48-generic #80-Ubuntu SMP Thu Mar 12 11:16:15 UTC 2015 x86_64
libc:glibc 2.19 NPTL 2.19 
rlimit: STACK 8192k, CORE 0k, NPROC 4523, NOFILE 4096, AS infinity
load average:0.29 0.14 0.09

/proc/meminfo:
MemTotal:         602692 kB
MemFree:           86212 kB
Buffers:           24908 kB
Cached:           420880 kB
SwapCached:            0 kB
Active:           246596 kB
Inactive:         224624 kB
Active(anon):      28996 kB
Inactive(anon):     7464 kB
Active(file):     217600 kB
Inactive(file):   217160 kB
Unevictable:           0 kB
Mlocked:               0 kB
SwapTotal:             0 kB
SwapFree:              0 kB
Dirty:               224 kB
Writeback:             0 kB
AnonPages:         25436 kB
Mapped:            16848 kB
Shmem:             11024 kB
Slab:              33832 kB
SReclaimable:      26024 kB
SUnreclaim:         7808 kB
KernelStack:         672 kB
PageTables:         3520 kB
NFS_Unstable:          0 kB
Bounce:                0 kB
WritebackTmp:          0 kB
CommitLimit:      301344 kB
Committed_AS:     497908 kB
VmallocTotal:   34359738367 kB
VmallocUsed:        2232 kB
VmallocChunk:   34359730107 kB
HardwareCorrupted:     0 kB
AnonHugePages:         0 kB
HugePages_Total:       0
HugePages_Free:        0
HugePages_Rsvd:        0
HugePages_Surp:        0
Hugepagesize:       2048 kB
DirectMap4k:      637952 kB
DirectMap2M:           0 kB


CPU:total 1 (8 cores per cpu, 2 threads per core) family 6 model 45 stepping 7, cmov, cx8, fxsr, mmx, sse, sse2, sse3, ssse3, sse4.1, sse4.2, popcnt, aes, clmul, ht, tsc, tscinvbit, tscinv

/proc/cpuinfo:
processor	: 0
vendor_id	: GenuineIntel
cpu family	: 6
model		: 45
model name	: Intel(R) Xeon(R) CPU E5-2650 0 @ 2.00GHz
stepping	: 7
microcode	: 0x70a
cpu MHz		: 1799.999
cache size	: 20480 KB
physical id	: 0
siblings	: 1
core id		: 2
cpu cores	: 1
apicid		: 4
initial apicid	: 4
fpu		: yes
fpu_exception	: yes
cpuid level	: 13
wp		: yes
flags		: fpu de tsc msr pae cx8 apic sep cmov pat clflush mmx fxsr sse sse2 ss ht syscall nx lm constant_tsc rep_good nopl nonstop_tsc pni pclmulqdq ssse3 cx16 pcid sse4_1 sse4_2 popcnt tsc_deadline_timer aes hypervisor lahf_lm
bogomips	: 3599.99
clflush size	: 64
cache_alignment	: 64
address sizes	: 46 bits physical, 48 bits virtual
power management:



Memory: 4k page, physical 602692k(86212k free), swap 0k(0k free)

vm_info: Java HotSpot(TM) 64-Bit Server VM (25.60-b23) for linux-amd64 JRE (1.8.0_60-b27), built on Aug  4 2015 12:19:40 by "java_re" with gcc 4.3.0 20080428 (Red Hat 4.3.0-8)

time: Thu Sep 17 12:50:25 2015
elapsed time: 0 seconds (0d 0h 0m 0s)

