#
# There is insufficient memory for the Java Runtime Environment to continue.
# Native memory allocation (malloc) failed to allocate 367296 bytes for Chunk::new
# Possible reasons:
#   The system is out of physical RAM or swap space
#   In 32 bit mode, the process size limit was hit
# Possible solutions:
#   Reduce memory load on the system
#   Increase physical memory or swap space
#   Check if swap backing store is full
#   Use 64 bit Java on a 64 bit OS
#   Decrease Java heap size (-Xmx/-Xms)
#   Decrease number of Java threads
#   Decrease Java thread stack sizes (-Xss)
#   Set larger code cache with -XX:ReservedCodeCacheSize=
# This output file may be truncated or incomplete.
#
#  Out of Memory Error (allocation.cpp:323), pid=8632, tid=7700
#
# JRE version: Java(TM) SE Runtime Environment (7.0_71-b14) (build 1.7.0_71-b14)
# Java VM: Java HotSpot(TM) 64-Bit Server VM (24.71-b01 mixed mode windows-amd64 compressed oops)
# Failed to write core dump. Minidumps are not enabled by default on client versions of Windows
#

---------------  T H R E A D  ---------------

Current thread (0x0000000008a07800):  JavaThread "C2 CompilerThread0" daemon [_thread_in_native, id=7700, stack(0x0000000009a80000,0x0000000009b80000)]

Stack: [0x0000000009a80000,0x0000000009b80000]
[error occurred during error reporting (printing stack bounds), id 0xc0000005]


[error occurred during error reporting (printing native stack), id 0xc0000005]


Current CompileTask:
C2:   1412   44             com.sun.tools.javac.file.ZipFileIndex$ZipDirectory::readEntry (587 bytes)


---------------  P R O C E S S  ---------------

Java Threads: ( => current thread )
  0x0000000008a19800 JavaThread "Service Thread" daemon [_thread_blocked, id=3884, stack(0x00000000097a0000,0x00000000098a0000)]
  0x0000000008a15800 JavaThread "C2 CompilerThread1" daemon [_thread_blocked, id=5988, stack(0x0000000009c20000,0x0000000009d20000)]
=>0x0000000008a07800 JavaThread "C2 CompilerThread0" daemon [_thread_in_native, id=7700, stack(0x0000000009a80000,0x0000000009b80000)]
  0x0000000008a06000 JavaThread "Attach Listener" daemon [_thread_blocked, id=4948, stack(0x0000000009310000,0x0000000009410000)]
  0x0000000008a04800 JavaThread "Signal Dispatcher" daemon [_thread_blocked, id=1924, stack(0x00000000098a0000,0x00000000099a0000)]
  0x00000000089aa000 JavaThread "Finalizer" daemon [_thread_blocked, id=4496, stack(0x0000000009550000,0x0000000009650000)]
  0x0000000001dfc800 JavaThread "Reference Handler" daemon [_thread_blocked, id=8560, stack(0x0000000009690000,0x0000000009790000)]
  0x0000000001cff000 JavaThread "main" [_thread_blocked, id=8120, stack(0x0000000002cf0000,0x0000000002df0000)]

Other Threads:
  0x00000000089a2800 VMThread [stack: 0x0000000009440000,0x0000000009540000] [id=1092]
  0x0000000008a22800 WatcherThread [stack: 0x0000000009d80000,0x0000000009e80000] [id=7912]

VM state:not at safepoint (normal execution)

VM Mutex/Monitor currently owned by a thread: None

Heap
 PSYoungGen      total 6656K, used 2169K [0x00000000eb000000, 0x00000000eb700000, 0x0000000100000000)
  eden space 6144K, 27% used [0x00000000eb000000,0x00000000eb1a2230,0x00000000eb600000)
  from space 512K, 96% used [0x00000000eb600000,0x00000000eb67c1d0,0x00000000eb680000)
  to   space 512K, 0% used [0x00000000eb680000,0x00000000eb680000,0x00000000eb700000)
 ParOldGen       total 5632K, used 2450K [0x00000000c1000000, 0x00000000c1580000, 0x00000000eb000000)
  object space 5632K, 43% used [0x00000000c1000000,0x00000000c1264918,0x00000000c1580000)
 PSPermGen       total 21504K, used 6499K [0x00000000bbe00000, 0x00000000bd300000, 0x00000000c1000000)
  object space 21504K, 30% used [0x00000000bbe00000,0x00000000bc458c08,0x00000000bd300000)

Card table byte_map: [0x0000000005df0000,0x0000000006020000] byte_map_base: 0x0000000005811000

Polling page: 0x0000000002390000

Code Cache  [0x0000000002df0000, 0x0000000003060000, 0x0000000005df0000)
 total_blobs=268 nmethods=44 adapters=178 free_code_cache=48650Kb largest_free_block=49800640

Compilation events (10 events):
Event: 1.275 Thread 0x0000000008a07800   41             sun.nio.cs.SingleByte$Encoder::encode (32 bytes)
Event: 1.276 Thread 0x0000000008a07800 nmethod 41 0x0000000002e615d0 code [0x0000000002e61720, 0x0000000002e61818]
Event: 1.287 Thread 0x0000000008a15800 nmethod 39 0x0000000002e6f010 code [0x0000000002e6f220, 0x0000000002e70ba0]
Event: 1.289 Thread 0x0000000008a07800   42             java.lang.Math::max (11 bytes)
Event: 1.290 Thread 0x0000000008a07800 nmethod 42 0x0000000002e613d0 code [0x0000000002e61500, 0x0000000002e61558]
Event: 1.290 Thread 0x0000000008a15800   43             java.util.jar.JarFile::hasClassPathAttribute (168 bytes)
Event: 1.294 Thread 0x0000000008a15800 nmethod 43 0x0000000002e6ab10 code [0x0000000002e6ac80, 0x0000000002e6af08]
Event: 1.369 Thread 0x0000000008a07800   44             com.sun.tools.javac.file.ZipFileIndex$ZipDirectory::readEntry (587 bytes)
Event: 1.380 Thread 0x0000000008a15800   45             java.lang.String::compareTo (78 bytes)
Event: 1.382 Thread 0x0000000008a15800 nmethod 45 0x0000000002e68e10 code [0x0000000002e68f60, 0x0000000002e690f8]

GC Heap History (8 events):
Event: 0.282 GC heap before
{Heap before GC invocations=1 (full 0):
 PSYoungGen      total 3584K, used 3072K [0x00000000eb000000, 0x00000000eb400000, 0x0000000100000000)
  eden space 3072K, 100% used [0x00000000eb000000,0x00000000eb300000,0x00000000eb300000)
  from space 512K, 0% used [0x00000000eb380000,0x00000000eb380000,0x00000000eb400000)
  to   space 512K, 0% used [0x00000000eb300000,0x00000000eb300000,0x00000000eb380000)
 ParOldGen       total 5632K, used 0K [0x00000000c1000000, 0x00000000c1580000, 0x00000000eb000000)
  object space 5632K, 0% used [0x00000000c1000000,0x00000000c1000000,0x00000000c1580000)
 PSPermGen       total 21504K, used 3814K [0x00000000bbe00000, 0x00000000bd300000, 0x00000000c1000000)
  object space 21504K, 17% used [0x00000000bbe00000,0x00000000bc1b9828,0x00000000bd300000)
Event: 0.285 GC heap after
Heap after GC invocations=1 (full 0):
 PSYoungGen      total 3584K, used 496K [0x00000000eb000000, 0x00000000eb400000, 0x0000000100000000)
  eden space 3072K, 0% used [0x00000000eb000000,0x00000000eb000000,0x00000000eb300000)
  from space 512K, 96% used [0x00000000eb300000,0x00000000eb37c020,0x00000000eb380000)
  to   space 512K, 0% used [0x00000000eb380000,0x00000000eb380000,0x00000000eb400000)
 ParOldGen       total 5632K, used 240K [0x00000000c1000000, 0x00000000c1580000, 0x00000000eb000000)
  object space 5632K, 4% used [0x00000000c1000000,0x00000000c103c010,0x00000000c1580000)
 PSPermGen       total 21504K, used 3814K [0x00000000bbe00000, 0x00000000bd300000, 0x00000000c1000000)
  object space 21504K, 17% used [0x00000000bbe00000,0x00000000bc1b9828,0x00000000bd300000)
}
Event: 0.486 GC heap before
{Heap before GC invocations=2 (full 0):
 PSYoungGen      total 3584K, used 3568K [0x00000000eb000000, 0x00000000eb400000, 0x0000000100000000)
  eden space 3072K, 100% used [0x00000000eb000000,0x00000000eb300000,0x00000000eb300000)
  from space 512K, 96% used [0x00000000eb300000,0x00000000eb37c020,0x00000000eb380000)
  to   space 512K, 0% used [0x00000000eb380000,0x00000000eb380000,0x00000000eb400000)
 ParOldGen       total 5632K, used 240K [0x00000000c1000000, 0x00000000c1580000, 0x00000000eb000000)
  object space 5632K, 4% used [0x00000000c1000000,0x00000000c103c010,0x00000000c1580000)
 PSPermGen       total 21504K, used 4957K [0x00000000bbe00000, 0x00000000bd300000, 0x00000000c1000000)
  object space 21504K, 23% used [0x00000000bbe00000,0x00000000bc2d7448,0x00000000bd300000)
Event: 0.496 GC heap after
Heap after GC invocations=2 (full 0):
 PSYoungGen      total 3584K, used 496K [0x00000000eb000000, 0x00000000eb700000, 0x0000000100000000)
  eden space 3072K, 0% used [0x00000000eb000000,0x00000000eb000000,0x00000000eb300000)
  from space 512K, 96% used [0x00000000eb380000,0x00000000eb3fc1d0,0x00000000eb400000)
  to   space 512K, 0% used [0x00000000eb300000,0x00000000eb300000,0x00000000eb380000)
 ParOldGen       total 5632K, used 464K [0x00000000c1000000, 0x00000000c1580000, 0x00000000eb000000)
  object space 5632K, 8% used [0x00000000c1000000,0x00000000c1074020,0x00000000c1580000)
 PSPermGen       total 21504K, used 4957K [0x00000000bbe00000, 0x00000000bd300000, 0x00000000c1000000)
  object space 21504K, 23% used [0x00000000bbe00000,0x00000000bc2d7448,0x00000000bd300000)
}
Event: 0.997 GC heap before
{Heap before GC invocations=3 (full 0):
 PSYoungGen      total 3584K, used 3568K [0x00000000eb000000, 0x00000000eb700000, 0x0000000100000000)
  eden space 3072K, 100% used [0x00000000eb000000,0x00000000eb300000,0x00000000eb300000)
  from space 512K, 96% used [0x00000000eb380000,0x00000000eb3fc1d0,0x00000000eb400000)
  to   space 512K, 0% used [0x00000000eb300000,0x00000000eb300000,0x00000000eb380000)
 ParOldGen       total 5632K, used 464K [0x00000000c1000000, 0x00000000c1580000, 0x00000000eb000000)
  object space 5632K, 8% used [0x00000000c1000000,0x00000000c1074020,0x00000000c1580000)
 PSPermGen       total 21504K, used 5968K [0x00000000bbe00000, 0x00000000bd300000, 0x00000000c1000000)
  object space 21504K, 27% used [0x00000000bbe00000,0x00000000bc3d40c0,0x00000000bd300000)
Event: 1.003 GC heap after
Heap after GC invocations=3 (full 0):
 PSYoungGen      total 3584K, used 496K [0x00000000eb000000, 0x00000000eb700000, 0x0000000100000000)
  eden space 3072K, 0% used [0x00000000eb000000,0x00000000eb000000,0x00000000eb300000)
  from space 512K, 96% used [0x00000000eb300000,0x00000000eb37c1d0,0x00000000eb380000)
  to   space 512K, 0% used [0x00000000eb680000,0x00000000eb680000,0x00000000eb700000)
 ParOldGen       total 5632K, used 1040K [0x00000000c1000000, 0x00000000c1580000, 0x00000000eb000000)
  object space 5632K, 18% used [0x00000000c1000000,0x00000000c1104098,0x00000000c1580000)
 PSPermGen       total 21504K, used 5968K [0x00000000bbe00000, 0x00000000bd300000, 0x00000000c1000000)
  object space 21504K, 27% used [0x00000000bbe00000,0x00000000bc3d40c0,0x00000000bd300000)
}
Event: 1.075 GC heap before
{Heap before GC invocations=4 (full 0):
 PSYoungGen      total 3584K, used 3566K [0x00000000eb000000, 0x00000000eb700000, 0x0000000100000000)
  eden space 3072K, 99% used [0x00000000eb000000,0x00000000eb2ff988,0x00000000eb300000)
  from space 512K, 96% used [0x00000000eb300000,0x00000000eb37c1d0,0x00000000eb380000)
  to   space 512K, 0% used [0x00000000eb680000,0x00000000eb680000,0x00000000eb700000)
 ParOldGen       total 5632K, used 1040K [0x00000000c1000000, 0x00000000c1580000, 0x00000000eb000000)
  object space 5632K, 18% used [0x00000000c1000000,0x00000000c1104098,0x00000000c1580000)
 PSPermGen       total 21504K, used 5969K [0x00000000bbe00000, 0x00000000bd300000, 0x00000000c1000000)
  object space 21504K, 27% used [0x00000000bbe00000,0x00000000bc3d4580,0x00000000bd300000)
Event: 1.080 GC heap after
Heap after GC invocations=4 (full 0):
 PSYoungGen      total 6656K, used 496K [0x00000000eb000000, 0x00000000eb700000, 0x0000000100000000)
  eden space 6144K, 0% used [0x00000000eb000000,0x00000000eb000000,0x00000000eb600000)
  from space 512K, 96% used [0x00000000eb680000,0x00000000eb6fc1d0,0x00000000eb700000)
  to   space 512K, 0% used [0x00000000eb600000,0x00000000eb600000,0x00000000eb680000)
 ParOldGen       total 5632K, used 1384K [0x00000000c1000000, 0x00000000c1580000, 0x00000000eb000000)
  object space 5632K, 24% used [0x00000000c1000000,0x00000000c115a180,0x00000000c1580000)
 PSPermGen       total 21504K, used 5969K [0x00000000bbe00000, 0x00000000bd300000, 0x00000000c1000000)
  object space 21504K, 27% used [0x00000000bbe00000,0x00000000bc3d4580,0x00000000bd300000)
}

Deoptimization events (2 events):
Event: 0.511 Thread 0x0000000001cff000 Uncommon trap: reason=null_check action=make_not_entrant pc=0x0000000002e55da8 method=java.lang.String.equals(Ljava/lang/Object;)Z @ 8
Event: 1.068 Thread 0x0000000001cff000 Uncommon trap: reason=null_check action=make_not_entrant pc=0x0000000002e67c54 method=java.util.jar.Attributes.putValue(Ljava/lang/String;Ljava/lang/String;)Ljava/lang/String; @ 13

Internal exceptions (10 events):
Event: 1.358 Thread 0x0000000001cff000 Threw 0x00000000eb44a5b8 at C:\re\jdk7u71\1605\hotspot\src\share\vm\prims\jvm.cpp:1281
Event: 1.359 Thread 0x0000000001cff000 Threw 0x00000000eb44c960 at C:\re\jdk7u71\1605\hotspot\src\share\vm\prims\jvm.cpp:1281
Event: 1.359 Thread 0x0000000001cff000 Threw 0x00000000eb44e8a0 at C:\re\jdk7u71\1605\hotspot\src\share\vm\prims\jvm.cpp:1281
Event: 1.360 Thread 0x0000000001cff000 Threw 0x00000000eb450b00 at C:\re\jdk7u71\1605\hotspot\src\share\vm\prims\jvm.cpp:1281
Event: 1.360 Thread 0x0000000001cff000 Threw 0x00000000eb4523f0 at C:\re\jdk7u71\1605\hotspot\src\share\vm\prims\jvm.cpp:1281
Event: 1.361 Thread 0x0000000001cff000 Threw 0x00000000eb458350 at C:\re\jdk7u71\1605\hotspot\src\share\vm\prims\jvm.cpp:1281
Event: 1.361 Thread 0x0000000001cff000 Threw 0x00000000eb45a9a8 at C:\re\jdk7u71\1605\hotspot\src\share\vm\prims\jvm.cpp:1281
Event: 1.364 Thread 0x0000000001cff000 Threw 0x00000000eb466f80 at C:\re\jdk7u71\1605\hotspot\src\share\vm\prims\jvm.cpp:1281
Event: 1.366 Thread 0x0000000001cff000 Threw 0x00000000eb4740f8 at C:\re\jdk7u71\1605\hotspot\src\share\vm\prims\jvm.cpp:1281
Event: 1.367 Thread 0x0000000001cff000 Threw 0x00000000eb4782b0 at C:\re\jdk7u71\1605\hotspot\src\share\vm\prims\jvm.cpp:1281

Events (10 events):
Event: 1.366 loading class 0x000000000a2d8dd0
Event: 1.366 loading class 0x000000000a2d8dd0 done
Event: 1.367 loading class 0x000000000a0cc470
Event: 1.367 loading class 0x000000000a0cc470 done
Event: 1.378 loading class 0x0000000001d994b0
Event: 1.379 loading class 0x0000000001d994b0 done
Event: 1.379 loading class 0x0000000009f9d410
Event: 1.379 loading class 0x0000000009f9d410 done
Event: 1.379 loading class 0x0000000001d994e0
Event: 1.379 loading class 0x0000000001d994e0 done


Dynamic libraries:
0x000000013f250000 - 0x000000013f257000 	C:\Program Files\Java\jdk1.7.0_71\bin\javac.exe
0x0000000077570000 - 0x0000000077718000 	C:\Windows\SYSTEM32\ntdll.dll
0x0000000076e70000 - 0x0000000076f8f000 	C:\Windows\system32\kernel32.dll
0x000007fefdac0000 - 0x000007fefdb2c000 	C:\Windows\system32\KERNELBASE.dll
0x0000000062250000 - 0x000000006227b000 	C:\Program Files\Java\jdk1.7.0_71\bin\jli.dll
0x000007feff490000 - 0x000007feff56b000 	C:\Windows\system32\ADVAPI32.dll
0x000007feff790000 - 0x000007feff82f000 	C:\Windows\system32\msvcrt.dll
0x000007feff740000 - 0x000007feff75f000 	C:\Windows\SYSTEM32\sechost.dll
0x000007fefdda0000 - 0x000007fefdecd000 	C:\Windows\system32\RPCRT4.dll
0x000007fefbf40000 - 0x000007fefc134000 	C:\Windows\WinSxS\amd64_microsoft.windows.common-controls_6595b64144ccf1df_6.0.7601.18837_none_fa3b1e3d17594757\COMCTL32.dll
0x000007feff420000 - 0x000007feff487000 	C:\Windows\system32\GDI32.dll
0x00000000770f0000 - 0x00000000771ea000 	C:\Windows\system32\USER32.dll
0x000007feff650000 - 0x000007feff65e000 	C:\Windows\system32\LPK.dll
0x000007fefee90000 - 0x000007fefef59000 	C:\Windows\system32\USP10.dll
0x000007feff120000 - 0x000007feff191000 	C:\Windows\system32\SHLWAPI.dll
0x0000000059f90000 - 0x000000005a062000 	C:\Program Files\Java\jdk1.7.0_71\bin\MSVCR100.dll
0x000007feff760000 - 0x000007feff78e000 	C:\Windows\system32\IMM32.DLL
0x000007feff000000 - 0x000007feff109000 	C:\Windows\system32\MSCTF.dll
0x0000000180000000 - 0x0000000180072000 	C:\Windows\system32\guard64.dll
0x000007fefd7e0000 - 0x000007fefd7e9000 	C:\Windows\system32\fltlib.dll
0x00000000623e0000 - 0x00000000624b2000 	C:\Program Files\Java\jdk1.7.0_71\jre\bin\msvcr100.dll
0x000000005bcd0000 - 0x000000005c4a3000 	C:\Program Files\Java\jdk1.7.0_71\jre\bin\server\jvm.dll
0x000007fef9cb0000 - 0x000007fef9cb9000 	C:\Windows\system32\WSOCK32.dll
0x000007feff830000 - 0x000007feff87d000 	C:\Windows\system32\WS2_32.dll
0x000007feff110000 - 0x000007feff118000 	C:\Windows\system32\NSI.dll
0x000007fef6cb0000 - 0x000007fef6ceb000 	C:\Windows\system32\WINMM.dll
0x0000000077730000 - 0x0000000077737000 	C:\Windows\system32\PSAPI.DLL
0x000000006a000000 - 0x000000006a00f000 	C:\Program Files\Java\jdk1.7.0_71\jre\bin\verify.dll
0x0000000069fd0000 - 0x0000000069ff8000 	C:\Program Files\Java\jdk1.7.0_71\jre\bin\java.dll
0x0000000069f70000 - 0x0000000069f85000 	C:\Program Files\Java\jdk1.7.0_71\jre\bin\zip.dll

VM Arguments:
jvm_args: -Dapplication.home=C:\Program Files\Java\jdk1.7.0_71 -Xms8m 
java_command: com.sun.tools.javac.Main @c:/Temp/sbt_8804a421/argfile
Launcher Type: SUN_STANDARD

Environment Variables:
JAVA_HOME=C:\Program Files\Java\jdk1.7.0_71
PATH=C:\Program Files\Java\jdk1.7.0_71\bin;C:\ProgramData\Oracle\Java\javapath;C:\Program Files\Java\jdk1.7.0_71;C:\Program Files (x86)\IBM\Lotus\Notes;C:\Lotus\admin\distr\OS\tmp\Downloads\IdeaProjects\apache-maven-3.3.1\bin;C:\Lotus\admin\distr\OS\tmp\Downloads\IdeaProjects\apache-maven-3.3.1\bin;C:\Lotus\admin\distr\OS\tmp\Downloads\IdeaProjects\apache-maven-3.3.1\bin;C:\Program Files\Java\jdk1.7.0_71\bin;C:\Ruby193\bin;C:\Windows\system32;C:\Windows;C:\Windows\System32\Wbem;C:\Windows\System32\WindowsPowerShell\v1.0\;C:\Program Files\WIDCOMM\Bluetooth Software\;C:\Program Files\WIDCOMM\Bluetooth Software\syswow64;C:\Windows\Sysnative;C:\Lotus\admin\Git\cmd;C:\Lotus\admin\distr\OS\tmp\Downloads\activator-1.2.12;C:\Lotus\admin\distr\OS\tmp\Downloads\Heroku\bin;C:\Program Files (x86)\git\cmd;C:\Lotus\admin\distr\OS\tmp\Downloads\play-2.0.4
USERNAME=vveprinskiy
OS=Windows_NT
PROCESSOR_IDENTIFIER=Intel64 Family 6 Model 23 Stepping 10, GenuineIntel



---------------  S Y S T E M  ---------------

OS: Windows 7 , 64 bit Build 7601 Service Pack 1

CPU:total 2 (2 cores per cpu, 1 threads per core) family 6 model 23 stepping 10, cmov, cx8, fxsr, mmx, sse, sse2, sse3, ssse3, tsc

Memory: 4k page, physical 4125944k(865088k free), swap 6676300k(4832k free)

vm_info: Java HotSpot(TM) 64-Bit Server VM (24.71-b01) for windows-amd64 JRE (1.7.0_71-b14), built on Sep 26 2014 16:16:12 by "java_re" with unknown MS VC++:1600

time: Fri Jun 19 17:48:55 2015
elapsed time: 1 seconds

